[23:10:58] [ServerMain/INFO]: Environment: Environment[accountsHost=https://api.mojang.com, sessionHost=https://sessionserver.mojang.com, servicesHost=https://api.minecraftservices.com, name=PROD]
[23:10:59] [ServerMain/INFO]: Found new data pack file/bukkit, loading it automatically
[23:11:00] [ServerMain/INFO]: Loaded 1174 recipes
[23:11:00] [ServerMain/INFO]: Loaded 1271 advancements
[23:11:00] [Server thread/INFO]: Starting minecraft server version 1.20.2
[23:11:00] [Server thread/INFO]: Loading properties
[23:11:01] [Server thread/INFO]: This server is running Paper version git-Paper-318 (MC: 1.20.2) (Implementing API version 1.20.2-R0.1-SNAPSHOT) (Git: 9271ee7)
[23:11:01] [Server thread/INFO]: Server Ping Player Sample Count: 12
[23:11:01] [Server thread/INFO]: Using 4 threads for Netty based IO
[23:11:01] [Server thread/INFO]: [ChunkTaskScheduler] Chunk system is using 1 I/O threads, 3 worker threads, and gen parallelism of 3 threads
[23:11:01] [Server thread/WARN]: [!] The timings profiler has been enabled but has been scheduled for removal from Paper in the future.
    We recommend installing the spark profiler as a replacement: https://spark.lucko.me/
    For more information please visit: https://github.com/PaperMC/Paper/issues/8948
[23:11:01] [Server thread/INFO]: Default game type: SURVIVAL
[23:11:01] [Server thread/INFO]: Generating keypair
[23:11:01] [Server thread/INFO]: Starting Minecraft server on *:25565
[23:11:02] [Server thread/INFO]: Using default channel type
[23:11:02] [Server thread/INFO]: Paper: Using Java compression from Velocity.
[23:11:02] [Server thread/INFO]: Paper: Using Java cipher from Velocity.
[23:11:02] [Server thread/INFO]: Preparing level "world"
[23:11:07] [Server thread/INFO]: Preparing start region for dimension minecraft:overworld
[23:11:07] [Server thread/INFO]: Time elapsed: 139 ms
[23:11:07] [Server thread/INFO]: Preparing start region for dimension minecraft:the_nether
[23:11:07] [Server thread/INFO]: Time elapsed: 142 ms
[23:11:07] [Server thread/INFO]: Preparing start region for dimension minecraft:the_end
[23:11:07] [Server thread/INFO]: Time elapsed: 114 ms
[23:11:07] [Server thread/INFO]: Running delayed init tasks
[23:11:07] [Server thread/INFO]: Done (6.857s)! For help, type "help"
[23:11:07] [Server thread/INFO]: Timings Reset
